<?xml version="1.0" encoding="UTF-8"?>
<coverage generated="1580269960600" clover="3.2.0">
  <project timestamp="1580269960600" name="All files">
    <metrics statements="28" coveredstatements="25" conditionals="2" coveredconditionals="1" methods="21" coveredmethods="19" elements="51" coveredelements="45" complexity="0" loc="28" ncloc="28" packages="1" files="1" classes="1">
      <file name="Counter.jsx" path="D:\side-project\react-ut-demo\src\Containers\Counter\Counter.jsx">
        <metrics statements="28" coveredstatements="25" conditionals="2" coveredconditionals="1" methods="21" coveredmethods="19"/>
        <line num="8" count="1" type="stmt"/>
        <line num="9" count="1" type="stmt"/>
        <line num="10" count="1" type="cond" truecount="1" falsecount="1"/>
        <line num="11" count="1" type="stmt"/>
        <line num="12" count="0" type="stmt"/>
        <line num="21" count="0" type="stmt"/>
        <line num="36" count="1" type="stmt"/>
        <line num="51" count="1" type="stmt"/>
        <line num="57" count="5" type="stmt"/>
        <line num="75" count="1" type="stmt"/>
        <line num="81" count="1" type="stmt"/>
        <line num="87" count="5" type="stmt"/>
        <line num="101" count="1" type="stmt"/>
        <line num="102" count="1" type="stmt"/>
        <line num="109" count="1" type="stmt"/>
        <line num="110" count="1" type="stmt"/>
        <line num="118" count="1" type="stmt"/>
        <line num="120" count="1" type="stmt"/>
        <line num="121" count="1" type="stmt"/>
        <line num="123" count="0" type="stmt"/>
        <line num="128" count="2" type="stmt"/>
        <line num="144" count="1" type="stmt"/>
        <line num="150" count="1" type="stmt"/>
        <line num="152" count="1" type="stmt"/>
        <line num="159" count="1" type="stmt"/>
        <line num="163" count="1" type="stmt"/>
        <line num="168" count="3" type="stmt"/>
        <line num="177" count="1" type="stmt"/>
      </file>
    </metrics>
  </project>
</coverage>
