<?xml version="1.0" encoding="UTF-8"?>
<coverage generated="1579920589942" clover="3.2.0">
  <project timestamp="1579920589943" name="All files">
    <metrics statements="47" coveredstatements="19" conditionals="15" coveredconditionals="2" methods="21" coveredmethods="3" elements="83" coveredelements="24" complexity="0" loc="47" ncloc="47" packages="5" files="5" classes="5">
      <package name="Containers.Counter">
        <metrics statements="5" coveredstatements="2" conditionals="0" coveredconditionals="0" methods="4" coveredmethods="1"/>
        <file name="Counter.jsx" path="D:\side-project\react-ut-demo\src\Containers\Counter\Counter.jsx">
          <metrics statements="5" coveredstatements="2" conditionals="0" coveredconditionals="0" methods="4" coveredmethods="1"/>
          <line num="14" count="0" type="stmt"/>
          <line num="18" count="0" type="stmt"/>
          <line num="28" count="1" type="stmt"/>
          <line num="34" count="2" type="stmt"/>
          <line num="37" count="0" type="stmt"/>
        </file>
      </package>
      <package name="Redux.Modules">
        <metrics statements="0" coveredstatements="0" conditionals="0" coveredconditionals="0" methods="0" coveredmethods="0"/>
        <file name="index.js" path="D:\side-project\react-ut-demo\src\Redux\Modules\index.js">
          <metrics statements="0" coveredstatements="0" conditionals="0" coveredconditionals="0" methods="0" coveredmethods="0"/>
        </file>
      </package>
      <package name="Redux.Modules.Auth">
        <metrics statements="17" coveredstatements="7" conditionals="6" coveredconditionals="1" methods="7" coveredmethods="1"/>
        <file name="AuthRedux.js" path="D:\side-project\react-ut-demo\src\Redux\Modules\Auth\AuthRedux.js">
          <metrics statements="17" coveredstatements="7" conditionals="6" coveredconditionals="1" methods="7" coveredmethods="1"/>
          <line num="3" count="1" type="stmt"/>
          <line num="4" count="1" type="stmt"/>
          <line num="5" count="1" type="cond" truecount="1" falsecount="1"/>
          <line num="6" count="1" type="stmt"/>
          <line num="7" count="0" type="stmt"/>
          <line num="10" count="0" type="stmt"/>
          <line num="14" count="1" type="stmt"/>
          <line num="20" count="1" type="stmt"/>
          <line num="21" count="0" type="stmt"/>
          <line num="22" count="0" type="stmt"/>
          <line num="23" count="0" type="stmt"/>
          <line num="25" count="0" type="stmt"/>
          <line num="28" count="0" type="stmt"/>
          <line num="33" count="1" type="stmt"/>
          <line num="38" count="0" type="cond" truecount="0" falsecount="3"/>
          <line num="41" count="0" type="stmt"/>
          <line num="44" count="0" type="stmt"/>
        </file>
      </package>
      <package name="Redux.Modules.Counter">
        <metrics statements="8" coveredstatements="3" conditionals="3" coveredconditionals="0" methods="3" coveredmethods="0"/>
        <file name="CounterRedux.js" path="D:\side-project\react-ut-demo\src\Redux\Modules\Counter\CounterRedux.js">
          <metrics statements="8" coveredstatements="3" conditionals="3" coveredconditionals="0" methods="3" coveredmethods="0"/>
          <line num="3" count="1" type="stmt"/>
          <line num="7" count="1" type="stmt"/>
          <line num="8" count="0" type="stmt"/>
          <line num="9" count="0" type="stmt"/>
          <line num="18" count="1" type="stmt"/>
          <line num="23" count="0" type="cond" truecount="0" falsecount="2"/>
          <line num="25" count="0" type="stmt"/>
          <line num="28" count="0" type="stmt"/>
        </file>
      </package>
      <package name="Redux.Modules.Home">
        <metrics statements="17" coveredstatements="7" conditionals="6" coveredconditionals="1" methods="7" coveredmethods="1"/>
        <file name="HomeRedux.js" path="D:\side-project\react-ut-demo\src\Redux\Modules\Home\HomeRedux.js">
          <metrics statements="17" coveredstatements="7" conditionals="6" coveredconditionals="1" methods="7" coveredmethods="1"/>
          <line num="3" count="1" type="stmt"/>
          <line num="4" count="1" type="stmt"/>
          <line num="5" count="1" type="cond" truecount="1" falsecount="1"/>
          <line num="6" count="1" type="stmt"/>
          <line num="7" count="0" type="stmt"/>
          <line num="10" count="0" type="stmt"/>
          <line num="15" count="1" type="stmt"/>
          <line num="21" count="1" type="stmt"/>
          <line num="22" count="0" type="stmt"/>
          <line num="23" count="0" type="stmt"/>
          <line num="24" count="0" type="stmt"/>
          <line num="26" count="0" type="stmt"/>
          <line num="29" count="0" type="stmt"/>
          <line num="34" count="1" type="stmt"/>
          <line num="39" count="0" type="cond" truecount="0" falsecount="3"/>
          <line num="42" count="0" type="stmt"/>
          <line num="45" count="0" type="stmt"/>
        </file>
      </package>
    </metrics>
  </project>
</coverage>
