{"D:\\side-project\\react-ut-demo\\src\\Components\\Counter\\Counter.jsx": {"path":"D:\\side-project\\react-ut-demo\\src\\Components\\Counter\\Counter.jsx","statementMap":{"0":{"start":{"line":14,"column":8},"end":{"line":16,"column":11}},"1":{"start":{"line":20,"column":8},"end":{"line":22,"column":11}},"2":{"start":{"line":26,"column":8},"end":{"line":33,"column":10}},"3":{"start":{"line":38,"column":0},"end":{"line":40,"column":2}},"4":{"start":{"line":45,"column":8},"end":{"line":45,"column":53}},"5":{"start":{"line":48,"column":8},"end":{"line":50,"column":10}}},"fnMap":{"0":{"name":"(anonymous_0)","decl":{"start":{"line":13,"column":16},"end":{"line":13,"column":17}},"loc":{"start":{"line":13,"column":22},"end":{"line":17,"column":5}},"line":13},"1":{"name":"(anonymous_1)","decl":{"start":{"line":19,"column":16},"end":{"line":19,"column":17}},"loc":{"start":{"line":19,"column":22},"end":{"line":23,"column":5}},"line":19},"2":{"name":"(anonymous_2)","decl":{"start":{"line":25,"column":4},"end":{"line":25,"column":5}},"loc":{"start":{"line":25,"column":13},"end":{"line":34,"column":5}},"line":25},"3":{"name":"(anonymous_3)","decl":{"start":{"line":44,"column":4},"end":{"line":44,"column":5}},"loc":{"start":{"line":44,"column":15},"end":{"line":46,"column":5}},"line":44},"4":{"name":"(anonymous_4)","decl":{"start":{"line":47,"column":4},"end":{"line":47,"column":5}},"loc":{"start":{"line":47,"column":18},"end":{"line":51,"column":5}},"line":47}},"branchMap":{},"s":{"0":0,"1":0,"2":1,"3":1,"4":0,"5":0},"f":{"0":0,"1":0,"2":1,"3":0,"4":0},"b":{},"_coverageSchema":"332fd63041d2c1bcb487cc26dd0d5f7d97098a6c","hash":"c0d0f848f9afe1600f7446713c58ebce16d53eea"}
,"D:\\side-project\\react-ut-demo\\src\\Redux\\Modules\\CounterRedux.js": {"path":"D:\\side-project\\react-ut-demo\\src\\Redux\\Modules\\CounterRedux.js","statementMap":{"0":{"start":{"line":3,"column":30},"end":{"line":6,"column":1}},"1":{"start":{"line":8,"column":20},"end":{"line":12,"column":1}},"2":{"start":{"line":9,"column":4},"end":{"line":11,"column":6}},"3":{"start":{"line":10,"column":8},"end":{"line":10,"column":59}},"4":{"start":{"line":14,"column":20},"end":{"line":18,"column":1}},"5":{"start":{"line":15,"column":4},"end":{"line":17,"column":6}},"6":{"start":{"line":16,"column":8},"end":{"line":16,"column":59}},"7":{"start":{"line":20,"column":37},"end":{"line":23,"column":1}},"8":{"start":{"line":26,"column":4},"end":{"line":33,"column":5}},"9":{"start":{"line":29,"column":12},"end":{"line":29,"column":41}},"10":{"start":{"line":32,"column":12},"end":{"line":32,"column":25}}},"fnMap":{"0":{"name":"(anonymous_0)","decl":{"start":{"line":8,"column":20},"end":{"line":8,"column":21}},"loc":{"start":{"line":8,"column":26},"end":{"line":12,"column":1}},"line":8},"1":{"name":"(anonymous_1)","decl":{"start":{"line":9,"column":11},"end":{"line":9,"column":12}},"loc":{"start":{"line":9,"column":25},"end":{"line":11,"column":5}},"line":9},"2":{"name":"(anonymous_2)","decl":{"start":{"line":14,"column":20},"end":{"line":14,"column":21}},"loc":{"start":{"line":14,"column":26},"end":{"line":18,"column":1}},"line":14},"3":{"name":"(anonymous_3)","decl":{"start":{"line":15,"column":11},"end":{"line":15,"column":12}},"loc":{"start":{"line":15,"column":25},"end":{"line":17,"column":5}},"line":15},"4":{"name":"CounterReducer","decl":{"start":{"line":25,"column":24},"end":{"line":25,"column":38}},"loc":{"start":{"line":25,"column":69},"end":{"line":34,"column":1}},"line":25}},"branchMap":{"0":{"loc":{"start":{"line":25,"column":39},"end":{"line":25,"column":59}},"type":"default-arg","locations":[{"start":{"line":25,"column":47},"end":{"line":25,"column":59}}],"line":25},"1":{"loc":{"start":{"line":26,"column":4},"end":{"line":33,"column":5}},"type":"switch","locations":[{"start":{"line":27,"column":8},"end":{"line":27,"column":38}},{"start":{"line":28,"column":8},"end":{"line":29,"column":41}},{"start":{"line":31,"column":8},"end":{"line":32,"column":25}}],"line":26}},"s":{"0":1,"1":1,"2":0,"3":0,"4":1,"5":0,"6":0,"7":1,"8":0,"9":0,"10":0},"f":{"0":0,"1":0,"2":0,"3":0,"4":0},"b":{"0":[0],"1":[0,0,0]},"_coverageSchema":"332fd63041d2c1bcb487cc26dd0d5f7d97098a6c","hash":"99b6da65d9426ab17b2c7335be384e3cbea69e34"}
}
