{"D:\\side-project\\react-ut-demo\\src\\Containers\\Counter\\Counter.jsx": {"path":"D:\\side-project\\react-ut-demo\\src\\Containers\\Counter\\Counter.jsx","statementMap":{"0":{"start":{"line":14,"column":8},"end":{"line":14,"column":53}},"1":{"start":{"line":18,"column":8},"end":{"line":24,"column":10}},"2":{"start":{"line":28,"column":0},"end":{"line":30,"column":2}},"3":{"start":{"line":34,"column":8},"end":{"line":34,"column":51}},"4":{"start":{"line":37,"column":8},"end":{"line":39,"column":10}}},"fnMap":{"0":{"name":"(anonymous_0)","decl":{"start":{"line":13,"column":15},"end":{"line":13,"column":16}},"loc":{"start":{"line":13,"column":21},"end":{"line":15,"column":5}},"line":13},"1":{"name":"(anonymous_1)","decl":{"start":{"line":17,"column":4},"end":{"line":17,"column":5}},"loc":{"start":{"line":17,"column":13},"end":{"line":25,"column":5}},"line":17},"2":{"name":"(anonymous_2)","decl":{"start":{"line":33,"column":4},"end":{"line":33,"column":5}},"loc":{"start":{"line":33,"column":15},"end":{"line":35,"column":5}},"line":33},"3":{"name":"(anonymous_3)","decl":{"start":{"line":36,"column":4},"end":{"line":36,"column":5}},"loc":{"start":{"line":36,"column":18},"end":{"line":40,"column":5}},"line":36}},"branchMap":{},"s":{"0":0,"1":0,"2":1,"3":0,"4":0},"f":{"0":0,"1":0,"2":0,"3":0},"b":{},"_coverageSchema":"332fd63041d2c1bcb487cc26dd0d5f7d97098a6c","hash":"1322008bdf154adaf8f3b7901d84b6f47c1ea1e8"}
,"D:\\side-project\\react-ut-demo\\src\\Redux\\Modules\\index.js": {"path":"D:\\side-project\\react-ut-demo\\src\\Redux\\Modules\\index.js","statementMap":{},"fnMap":{},"branchMap":{},"s":{},"f":{},"b":{},"_coverageSchema":"332fd63041d2c1bcb487cc26dd0d5f7d97098a6c","hash":"8eb58d08f78d039de50d8f1b2e63194464ae1aca"}
,"D:\\side-project\\react-ut-demo\\src\\Redux\\Modules\\Auth\\AuthRedux.js": {"path":"D:\\side-project\\react-ut-demo\\src\\Redux\\Modules\\Auth\\AuthRedux.js","statementMap":{"0":{"start":{"line":3,"column":24},"end":{"line":12,"column":2}},"1":{"start":{"line":4,"column":20},"end":{"line":4,"column":24}},"2":{"start":{"line":5,"column":4},"end":{"line":11,"column":5}},"3":{"start":{"line":6,"column":8},"end":{"line":8,"column":17}},"4":{"start":{"line":7,"column":12},"end":{"line":7,"column":31}},"5":{"start":{"line":10,"column":8},"end":{"line":10,"column":24}},"6":{"start":{"line":14,"column":27},"end":{"line":18,"column":1}},"7":{"start":{"line":20,"column":16},"end":{"line":31,"column":1}},"8":{"start":{"line":21,"column":4},"end":{"line":30,"column":6}},"9":{"start":{"line":22,"column":8},"end":{"line":22,"column":59}},"10":{"start":{"line":23,"column":8},"end":{"line":29,"column":15}},"11":{"start":{"line":25,"column":16},"end":{"line":25,"column":76}},"12":{"start":{"line":28,"column":16},"end":{"line":28,"column":73}},"13":{"start":{"line":33,"column":34},"end":{"line":35,"column":1}},"14":{"start":{"line":38,"column":4},"end":{"line":45,"column":5}},"15":{"start":{"line":41,"column":12},"end":{"line":41,"column":41}},"16":{"start":{"line":44,"column":12},"end":{"line":44,"column":25}}},"fnMap":{"0":{"name":"(anonymous_0)","decl":{"start":{"line":3,"column":36},"end":{"line":3,"column":37}},"loc":{"start":{"line":3,"column":57},"end":{"line":12,"column":1}},"line":3},"1":{"name":"(anonymous_1)","decl":{"start":{"line":6,"column":19},"end":{"line":6,"column":20}},"loc":{"start":{"line":6,"column":25},"end":{"line":8,"column":9}},"line":6},"2":{"name":"(anonymous_2)","decl":{"start":{"line":20,"column":16},"end":{"line":20,"column":17}},"loc":{"start":{"line":20,"column":22},"end":{"line":31,"column":1}},"line":20},"3":{"name":"(anonymous_3)","decl":{"start":{"line":21,"column":11},"end":{"line":21,"column":12}},"loc":{"start":{"line":21,"column":25},"end":{"line":30,"column":5}},"line":21},"4":{"name":"(anonymous_4)","decl":{"start":{"line":24,"column":18},"end":{"line":24,"column":19}},"loc":{"start":{"line":24,"column":31},"end":{"line":26,"column":13}},"line":24},"5":{"name":"(anonymous_5)","decl":{"start":{"line":27,"column":19},"end":{"line":27,"column":20}},"loc":{"start":{"line":27,"column":30},"end":{"line":29,"column":13}},"line":27},"6":{"name":"AuthReducer","decl":{"start":{"line":37,"column":24},"end":{"line":37,"column":35}},"loc":{"start":{"line":37,"column":66},"end":{"line":46,"column":1}},"line":37}},"branchMap":{"0":{"loc":{"start":{"line":5,"column":4},"end":{"line":11,"column":5}},"type":"if","locations":[{"start":{"line":5,"column":4},"end":{"line":11,"column":5}},{"start":{"line":5,"column":4},"end":{"line":11,"column":5}}],"line":5},"1":{"loc":{"start":{"line":37,"column":36},"end":{"line":37,"column":56}},"type":"default-arg","locations":[{"start":{"line":37,"column":44},"end":{"line":37,"column":56}}],"line":37},"2":{"loc":{"start":{"line":38,"column":4},"end":{"line":45,"column":5}},"type":"switch","locations":[{"start":{"line":39,"column":8},"end":{"line":39,"column":40}},{"start":{"line":40,"column":8},"end":{"line":41,"column":41}},{"start":{"line":43,"column":8},"end":{"line":44,"column":25}}],"line":38}},"s":{"0":1,"1":1,"2":1,"3":1,"4":0,"5":0,"6":1,"7":1,"8":0,"9":0,"10":0,"11":0,"12":0,"13":1,"14":0,"15":0,"16":0},"f":{"0":1,"1":0,"2":0,"3":0,"4":0,"5":0,"6":0},"b":{"0":[1,0],"1":[0],"2":[0,0,0]},"_coverageSchema":"332fd63041d2c1bcb487cc26dd0d5f7d97098a6c","hash":"68f727517563cead950d4f25f8b905861a7e2169"}
,"D:\\side-project\\react-ut-demo\\src\\Redux\\Modules\\Counter\\CounterRedux.js": {"path":"D:\\side-project\\react-ut-demo\\src\\Redux\\Modules\\Counter\\CounterRedux.js","statementMap":{"0":{"start":{"line":3,"column":30},"end":{"line":5,"column":1}},"1":{"start":{"line":7,"column":18},"end":{"line":16,"column":1}},"2":{"start":{"line":8,"column":4},"end":{"line":15,"column":6}},"3":{"start":{"line":9,"column":8},"end":{"line":14,"column":11}},"4":{"start":{"line":18,"column":37},"end":{"line":20,"column":1}},"5":{"start":{"line":23,"column":4},"end":{"line":29,"column":5}},"6":{"start":{"line":25,"column":12},"end":{"line":25,"column":54}},"7":{"start":{"line":28,"column":12},"end":{"line":28,"column":25}}},"fnMap":{"0":{"name":"(anonymous_0)","decl":{"start":{"line":7,"column":18},"end":{"line":7,"column":19}},"loc":{"start":{"line":7,"column":24},"end":{"line":16,"column":1}},"line":7},"1":{"name":"(anonymous_1)","decl":{"start":{"line":8,"column":11},"end":{"line":8,"column":12}},"loc":{"start":{"line":8,"column":25},"end":{"line":15,"column":5}},"line":8},"2":{"name":"CounterReducer","decl":{"start":{"line":22,"column":24},"end":{"line":22,"column":38}},"loc":{"start":{"line":22,"column":69},"end":{"line":30,"column":1}},"line":22}},"branchMap":{"0":{"loc":{"start":{"line":22,"column":39},"end":{"line":22,"column":59}},"type":"default-arg","locations":[{"start":{"line":22,"column":47},"end":{"line":22,"column":59}}],"line":22},"1":{"loc":{"start":{"line":23,"column":4},"end":{"line":29,"column":5}},"type":"switch","locations":[{"start":{"line":24,"column":8},"end":{"line":25,"column":54}},{"start":{"line":27,"column":8},"end":{"line":28,"column":25}}],"line":23}},"s":{"0":1,"1":1,"2":0,"3":0,"4":1,"5":0,"6":0,"7":0},"f":{"0":0,"1":0,"2":0},"b":{"0":[0],"1":[0,0]},"_coverageSchema":"332fd63041d2c1bcb487cc26dd0d5f7d97098a6c","hash":"f7ffaa7cb1fa3871608e59b2ee8109b5e490d676"}
,"D:\\side-project\\react-ut-demo\\src\\Redux\\Modules\\Home\\HomeRedux.js": {"path":"D:\\side-project\\react-ut-demo\\src\\Redux\\Modules\\Home\\HomeRedux.js","statementMap":{"0":{"start":{"line":3,"column":24},"end":{"line":12,"column":2}},"1":{"start":{"line":4,"column":20},"end":{"line":4,"column":24}},"2":{"start":{"line":5,"column":4},"end":{"line":11,"column":5}},"3":{"start":{"line":6,"column":8},"end":{"line":8,"column":17}},"4":{"start":{"line":7,"column":12},"end":{"line":7,"column":31}},"5":{"start":{"line":10,"column":8},"end":{"line":10,"column":24}},"6":{"start":{"line":15,"column":27},"end":{"line":19,"column":1}},"7":{"start":{"line":21,"column":20},"end":{"line":32,"column":1}},"8":{"start":{"line":22,"column":4},"end":{"line":31,"column":6}},"9":{"start":{"line":23,"column":8},"end":{"line":23,"column":59}},"10":{"start":{"line":24,"column":8},"end":{"line":30,"column":15}},"11":{"start":{"line":26,"column":16},"end":{"line":26,"column":76}},"12":{"start":{"line":29,"column":16},"end":{"line":29,"column":73}},"13":{"start":{"line":34,"column":34},"end":{"line":36,"column":1}},"14":{"start":{"line":39,"column":4},"end":{"line":46,"column":5}},"15":{"start":{"line":42,"column":12},"end":{"line":42,"column":36}},"16":{"start":{"line":45,"column":12},"end":{"line":45,"column":25}}},"fnMap":{"0":{"name":"(anonymous_0)","decl":{"start":{"line":3,"column":36},"end":{"line":3,"column":37}},"loc":{"start":{"line":3,"column":57},"end":{"line":12,"column":1}},"line":3},"1":{"name":"(anonymous_1)","decl":{"start":{"line":6,"column":19},"end":{"line":6,"column":20}},"loc":{"start":{"line":6,"column":25},"end":{"line":8,"column":9}},"line":6},"2":{"name":"(anonymous_2)","decl":{"start":{"line":21,"column":20},"end":{"line":21,"column":21}},"loc":{"start":{"line":21,"column":26},"end":{"line":32,"column":1}},"line":21},"3":{"name":"(anonymous_3)","decl":{"start":{"line":22,"column":11},"end":{"line":22,"column":12}},"loc":{"start":{"line":22,"column":25},"end":{"line":31,"column":5}},"line":22},"4":{"name":"(anonymous_4)","decl":{"start":{"line":25,"column":18},"end":{"line":25,"column":19}},"loc":{"start":{"line":25,"column":31},"end":{"line":27,"column":13}},"line":25},"5":{"name":"(anonymous_5)","decl":{"start":{"line":28,"column":19},"end":{"line":28,"column":20}},"loc":{"start":{"line":28,"column":30},"end":{"line":30,"column":13}},"line":28},"6":{"name":"HomeReducer","decl":{"start":{"line":38,"column":24},"end":{"line":38,"column":35}},"loc":{"start":{"line":38,"column":66},"end":{"line":47,"column":1}},"line":38}},"branchMap":{"0":{"loc":{"start":{"line":5,"column":4},"end":{"line":11,"column":5}},"type":"if","locations":[{"start":{"line":5,"column":4},"end":{"line":11,"column":5}},{"start":{"line":5,"column":4},"end":{"line":11,"column":5}}],"line":5},"1":{"loc":{"start":{"line":38,"column":36},"end":{"line":38,"column":56}},"type":"default-arg","locations":[{"start":{"line":38,"column":44},"end":{"line":38,"column":56}}],"line":38},"2":{"loc":{"start":{"line":39,"column":4},"end":{"line":46,"column":5}},"type":"switch","locations":[{"start":{"line":40,"column":8},"end":{"line":40,"column":40}},{"start":{"line":41,"column":8},"end":{"line":42,"column":36}},{"start":{"line":44,"column":8},"end":{"line":45,"column":25}}],"line":39}},"s":{"0":1,"1":1,"2":1,"3":1,"4":0,"5":0,"6":1,"7":1,"8":0,"9":0,"10":0,"11":0,"12":0,"13":1,"14":0,"15":0,"16":0},"f":{"0":1,"1":0,"2":0,"3":0,"4":0,"5":0,"6":0},"b":{"0":[1,0],"1":[0],"2":[0,0,0]},"_coverageSchema":"332fd63041d2c1bcb487cc26dd0d5f7d97098a6c","hash":"a65847d1b0c712bd0ad5edd8fea0e1bd182bd295"}
}
