TN:
SF:D:\side-project\react-ut-demo\src\Containers\Counter\Counter.jsx
FN:8,(anonymous_0)
FN:11,(anonymous_1)
FN:35,(anonymous_2)
FN:50,(anonymous_3)
FN:56,(anonymous_4)
FN:74,(anonymous_5)
FN:80,(anonymous_6)
FN:86,(anonymous_7)
FN:100,(anonymous_8)
FN:108,(anonymous_9)
FN:109,(anonymous_10)
FN:117,(anonymous_11)
FN:119,(anonymous_12)
FN:122,(anonymous_13)
FN:127,(anonymous_14)
FN:143,(anonymous_15)
FN:149,(anonymous_16)
FN:151,(anonymous_17)
FN:158,(anonymous_18)
FN:162,(anonymous_19)
FN:167,(anonymous_20)
FNF:21
FNH:19
FNDA:1,(anonymous_0)
FNDA:0,(anonymous_1)
FNDA:1,(anonymous_2)
FNDA:1,(anonymous_3)
FNDA:5,(anonymous_4)
FNDA:1,(anonymous_5)
FNDA:1,(anonymous_6)
FNDA:5,(anonymous_7)
FNDA:1,(anonymous_8)
FNDA:1,(anonymous_9)
FNDA:1,(anonymous_10)
FNDA:1,(anonymous_11)
FNDA:1,(anonymous_12)
FNDA:0,(anonymous_13)
FNDA:2,(anonymous_14)
FNDA:1,(anonymous_15)
FNDA:1,(anonymous_16)
FNDA:1,(anonymous_17)
FNDA:1,(anonymous_18)
FNDA:1,(anonymous_19)
FNDA:3,(anonymous_20)
DA:8,1
DA:9,1
DA:10,1
DA:11,1
DA:12,0
DA:21,0
DA:36,1
DA:51,1
DA:57,5
DA:75,1
DA:81,1
DA:87,5
DA:101,1
DA:102,1
DA:109,1
DA:110,1
DA:118,1
DA:120,1
DA:121,1
DA:123,0
DA:128,2
DA:144,1
DA:150,1
DA:152,1
DA:159,1
DA:163,1
DA:168,3
DA:177,1
LF:28
LH:25
BRDA:10,0,0,1
BRDA:10,0,1,0
BRF:2
BRH:1
end_of_record
