TN:
SF:D:\side-project\react-ut-demo\src\Components\Counter\Counter.jsx
FN:13,(anonymous_0)
FN:19,(anonymous_1)
FN:25,(anonymous_2)
FN:44,(anonymous_3)
FN:47,(anonymous_4)
FNF:5
FNH:3
FNDA:1,(anonymous_0)
FNDA:1,(anonymous_1)
FNDA:6,(anonymous_2)
FNDA:0,(anonymous_3)
FNDA:0,(anonymous_4)
DA:14,1
DA:20,1
DA:26,6
DA:38,1
DA:45,0
DA:48,0
LF:6
LH:4
BRF:0
BRH:0
end_of_record
TN:
SF:D:\side-project\react-ut-demo\src\Components\Form\Form.jsx
FN:6,(anonymous_0)
FN:17,(anonymous_1)
FN:26,(anonymous_2)
FNF:3
FNH:2
FNDA:3,(anonymous_0)
FNDA:0,(anonymous_1)
FNDA:3,(anonymous_2)
DA:7,3
DA:8,3
DA:9,3
DA:10,3
DA:18,0
DA:19,0
DA:27,3
LF:7
LH:5
BRF:0
BRH:0
end_of_record
TN:
SF:D:\side-project\react-ut-demo\src\Containers\App\App.jsx
FN:8,(anonymous_0)
FNF:1
FNH:0
FNDA:0,(anonymous_0)
DA:9,0
LF:1
LH:0
BRF:0
BRH:0
end_of_record
TN:
SF:D:\side-project\react-ut-demo\src\Redux\Modules\CounterRedux.js
FN:8,(anonymous_0)
FN:9,(anonymous_1)
FN:14,(anonymous_2)
FN:15,(anonymous_3)
FN:25,CounterReducer
FNF:5
FNH:0
FNDA:0,(anonymous_0)
FNDA:0,(anonymous_1)
FNDA:0,(anonymous_2)
FNDA:0,(anonymous_3)
FNDA:0,CounterReducer
DA:3,1
DA:8,1
DA:9,0
DA:10,0
DA:14,1
DA:15,0
DA:16,0
DA:20,1
DA:26,0
DA:29,0
DA:32,0
LF:11
LH:4
BRDA:25,0,0,0
BRDA:26,1,0,0
BRDA:26,1,1,0
BRDA:26,1,2,0
BRF:4
BRH:0
end_of_record
